** Daemonized, any open files are closed.  Look at /Volumes/RAID/Sites/Numenor/log/locomotive.pid and log/mongrel.log for info.
** Starting Mongrel listening at 0.0.0.0:3020
** Starting Rails with development environment...
** Rails loaded.
** Loading any Rails specific GemPlugins
** Signals ready.  TERM => stop.  USR2 => restart.  INT => stop (no restart).
** Rails signals registered.  HUP => reload (without restart).  It might not work well.
** Mongrel available at 0.0.0.0:3020
** Writing PID file to /Volumes/RAID/Sites/Numenor/log/locomotive.pid
** TERM signal received.
** Daemonized, any open files are closed.  Look at /Volumes/RAID/Sites/Numenor/log/locomotive.pid and log/mongrel.log for info.
** Starting Mongrel listening at 0.0.0.0:3020
** Starting Rails with development environment...
** Rails loaded.
** Loading any Rails specific GemPlugins
** Signals ready.  TERM => stop.  USR2 => restart.  INT => stop (no restart).
** Rails signals registered.  HUP => reload (without restart).  It might not work well.
** Mongrel available at 0.0.0.0:3020
** Writing PID file to /Volumes/RAID/Sites/Numenor/log/locomotive.pid
** TERM signal received.
** Daemonized, any open files are closed.  Look at /Volumes/RAID/Sites/Numenor/log/locomotive.pid and log/mongrel.log for info.
** Starting Mongrel listening at 0.0.0.0:3020
** Starting Rails with development environment...
** Rails loaded.
** Loading any Rails specific GemPlugins
** Signals ready.  TERM => stop.  USR2 => restart.  INT => stop (no restart).
** Rails signals registered.  HUP => reload (without restart).  It might not work well.
** Mongrel available at 0.0.0.0:3020
** Writing PID file to /Volumes/RAID/Sites/Numenor/log/locomotive.pid
** Daemonized, any open files are closed.  Look at /Volumes/RAID/Sites/Numenor/log/locomotive.pid and log/mongrel.log for info.
** Starting Mongrel listening at 0.0.0.0:3020
** Starting Rails with development environment...
** Rails loaded.
** Loading any Rails specific GemPlugins
** Signals ready.  TERM => stop.  USR2 => restart.  INT => stop (no restart).
** Rails signals registered.  HUP => reload (without restart).  It might not work well.
** Mongrel available at 0.0.0.0:3020
** Writing PID file to /Volumes/RAID/Sites/Numenor/log/locomotive.pid
** Daemonized, any open files are closed.  Look at /Volumes/RAID/Sites/Numenor/trunk/log/locomotive.pid and log/mongrel.log for info.
** Starting Mongrel listening at 0.0.0.0:3020
** Starting Rails with development environment...
** Rails loaded.
** Loading any Rails specific GemPlugins
** Signals ready.  TERM => stop.  USR2 => restart.  INT => stop (no restart).
** Rails signals registered.  HUP => reload (without restart).  It might not work well.
** Mongrel available at 0.0.0.0:3020
** Writing PID file to /Volumes/RAID/Sites/Numenor/trunk/log/locomotive.pid
/Volumes/RAID/Sites/Numenor/trunk/config/../app/controllers/links_controller.rb:17: warning: parenthesize argument(s) for future version
/Volumes/RAID/Sites/Numenor/trunk/config/../app/controllers/links_controller.rb:17: warning: parenthesize argument(s) for future version
/Volumes/RAID/Sites/Numenor/trunk/config/../app/controllers/links_controller.rb:17: warning: parenthesize argument(s) for future version
** TERM signal received.
** Daemonized, any open files are closed.  Look at /Volumes/RAID/Sites/Numenor/trunk/log/locomotive.pid and log/mongrel.log for info.
** Starting Mongrel listening at 0.0.0.0:3020
** Starting Rails with development environment...
** Rails loaded.
** Loading any Rails specific GemPlugins
** Signals ready.  TERM => stop.  USR2 => restart.  INT => stop (no restart).
** Rails signals registered.  HUP => reload (without restart).  It might not work well.
** Mongrel available at 0.0.0.0:3020
** Writing PID file to /Volumes/RAID/Sites/Numenor/trunk/log/locomotive.pid
/Volumes/RAID/Sites/Numenor/trunk/config/../app/controllers/links_controller.rb:17: warning: parenthesize argument(s) for future version
/Volumes/RAID/Sites/Numenor/trunk/config/../app/controllers/links_controller.rb:17: warning: parenthesize argument(s) for future version
** TERM signal received.
** Daemonized, any open files are closed.  Look at /Volumes/RAID/Sites/Numenor/trunk/log/locomotive.pid and log/mongrel.log for info.
** Starting Mongrel listening at 0.0.0.0:3020
** Starting Rails with development environment...
** Rails loaded.
** Loading any Rails specific GemPlugins
** Signals ready.  TERM => stop.  USR2 => restart.  INT => stop (no restart).
** Rails signals registered.  HUP => reload (without restart).  It might not work well.
** Mongrel available at 0.0.0.0:3020
** Writing PID file to /Volumes/RAID/Sites/Numenor/trunk/log/locomotive.pid
/Volumes/RAID/Sites/Numenor/trunk/config/../app/controllers/links_controller.rb:17: warning: parenthesize argument(s) for future version
/Volumes/RAID/Sites/Numenor/trunk/config/../app/controllers/links_controller.rb:17: warning: parenthesize argument(s) for future version
** TERM signal received.
** Daemonized, any open files are closed.  Look at /Volumes/RAID/Sites/Numenor/trunk/log/locomotive.pid and log/mongrel.log for info.
** Starting Mongrel listening at 0.0.0.0:3020
** Starting Rails with development environment...
** Rails loaded.
** Loading any Rails specific GemPlugins
** Signals ready.  TERM => stop.  USR2 => restart.  INT => stop (no restart).
** Rails signals registered.  HUP => reload (without restart).  It might not work well.
** Mongrel available at 0.0.0.0:3020
** Writing PID file to /Volumes/RAID/Sites/Numenor/trunk/log/locomotive.pid
/Volumes/RAID/Sites/Numenor/trunk/config/../app/controllers/links_controller.rb:17: warning: parenthesize argument(s) for future version
/Volumes/RAID/Sites/Numenor/trunk/config/../app/controllers/links_controller.rb:17: warning: parenthesize argument(s) for future version
/Volumes/RAID/Sites/Numenor/trunk/config/../app/controllers/links_controller.rb:17: warning: parenthesize argument(s) for future version
/Volumes/RAID/Sites/Numenor/trunk/config/../app/controllers/links_controller.rb:17: warning: parenthesize argument(s) for future version
/Volumes/RAID/Sites/Numenor/trunk/config/../app/controllers/links_controller.rb:17: warning: parenthesize argument(s) for future version
/Volumes/RAID/Sites/Numenor/trunk/config/../app/controllers/links_controller.rb:17: warning: parenthesize argument(s) for future version
/Volumes/RAID/Sites/Numenor/trunk/config/../app/controllers/links_controller.rb:17: warning: parenthesize argument(s) for future version
/Volumes/RAID/Sites/Numenor/trunk/config/../app/controllers/links_controller.rb:17: warning: parenthesize argument(s) for future version
/Volumes/RAID/Sites/Numenor/trunk/config/../app/controllers/links_controller.rb:17: warning: parenthesize argument(s) for future version
/Volumes/RAID/Sites/Numenor/trunk/config/../app/controllers/links_controller.rb:17: warning: parenthesize argument(s) for future version
/Volumes/RAID/Sites/Numenor/trunk/config/../app/controllers/links_controller.rb:17: warning: parenthesize argument(s) for future version
/Volumes/RAID/Sites/Numenor/trunk/config/../app/controllers/links_controller.rb:17: warning: parenthesize argument(s) for future version
/Volumes/RAID/Sites/Numenor/trunk/config/../app/controllers/links_controller.rb:17: warning: parenthesize argument(s) for future version
/Volumes/RAID/Sites/Numenor/trunk/config/../app/controllers/links_controller.rb:17: warning: parenthesize argument(s) for future version
/Volumes/RAID/Sites/Numenor/trunk/config/../app/controllers/links_controller.rb:17: warning: parenthesize argument(s) for future version
/Volumes/RAID/Sites/Numenor/trunk/config/../app/controllers/links_controller.rb:17: warning: parenthesize argument(s) for future version
/Volumes/RAID/Sites/Numenor/trunk/config/../app/controllers/links_controller.rb:17: warning: parenthesize argument(s) for future version
/Volumes/RAID/Sites/Numenor/trunk/config/../app/controllers/links_controller.rb:17: warning: parenthesize argument(s) for future version
/Volumes/RAID/Sites/Numenor/trunk/config/../app/controllers/links_controller.rb:17: warning: parenthesize argument(s) for future version
/Volumes/RAID/Sites/Numenor/trunk/config/../app/controllers/links_controller.rb:17: warning: parenthesize argument(s) for future version
/Volumes/RAID/Sites/Numenor/trunk/config/../app/controllers/links_controller.rb:17: warning: parenthesize argument(s) for future version
/Volumes/RAID/Sites/Numenor/trunk/config/../app/controllers/links_controller.rb:17: warning: parenthesize argument(s) for future version
/Volumes/RAID/Sites/Numenor/trunk/config/../app/controllers/links_controller.rb:17: warning: parenthesize argument(s) for future version
/Volumes/RAID/Sites/Numenor/trunk/config/../app/controllers/links_controller.rb:17: warning: parenthesize argument(s) for future version
/Volumes/RAID/Sites/Numenor/trunk/config/../app/controllers/links_controller.rb:17: warning: parenthesize argument(s) for future version
/Volumes/RAID/Sites/Numenor/trunk/config/../app/controllers/links_controller.rb:17: warning: parenthesize argument(s) for future version
/Volumes/RAID/Sites/Numenor/trunk/config/../app/controllers/links_controller.rb:17: warning: parenthesize argument(s) for future version
/Volumes/RAID/Sites/Numenor/trunk/config/../app/controllers/links_controller.rb:17: warning: parenthesize argument(s) for future version
/Volumes/RAID/Sites/Numenor/trunk/config/../app/controllers/links_controller.rb:17: warning: parenthesize argument(s) for future version
/Volumes/RAID/Sites/Numenor/trunk/config/../app/controllers/links_controller.rb:17: warning: parenthesize argument(s) for future version
/Volumes/RAID/Sites/Numenor/trunk/config/../app/controllers/links_controller.rb:17: warning: parenthesize argument(s) for future version
/Volumes/RAID/Sites/Numenor/trunk/config/../app/controllers/links_controller.rb:17: warning: parenthesize argument(s) for future version
/Volumes/RAID/Sites/Numenor/trunk/config/../app/controllers/links_controller.rb:17: warning: parenthesize argument(s) for future version
/Volumes/RAID/Sites/Numenor/trunk/config/../app/controllers/links_controller.rb:17: warning: parenthesize argument(s) for future version
/Volumes/RAID/Sites/Numenor/trunk/config/../app/controllers/links_controller.rb:17: warning: parenthesize argument(s) for future version
/Volumes/RAID/Sites/Numenor/trunk/config/../app/controllers/links_controller.rb:17: warning: parenthesize argument(s) for future version
/Volumes/RAID/Sites/Numenor/trunk/config/../app/controllers/links_controller.rb:17: warning: parenthesize argument(s) for future version
/Volumes/RAID/Sites/Numenor/trunk/config/../app/controllers/links_controller.rb:17: warning: parenthesize argument(s) for future version
/Volumes/RAID/Sites/Numenor/trunk/config/../app/controllers/links_controller.rb:17: warning: parenthesize argument(s) for future version
/Volumes/RAID/Sites/Numenor/trunk/config/../app/controllers/links_controller.rb:17: warning: parenthesize argument(s) for future version
** TERM signal received.
** Daemonized, any open files are closed.  Look at /Volumes/RAID/Sites/Numenor/trunk/log/locomotive.pid and log/mongrel.log for info.
** Starting Mongrel listening at 0.0.0.0:3020
** Starting Rails with development environment...
** Rails loaded.
** Loading any Rails specific GemPlugins
** Signals ready.  TERM => stop.  USR2 => restart.  INT => stop (no restart).
** Rails signals registered.  HUP => reload (without restart).  It might not work well.
** Mongrel available at 0.0.0.0:3020
** Writing PID file to /Volumes/RAID/Sites/Numenor/trunk/log/locomotive.pid
** TERM signal received.
** Daemonized, any open files are closed.  Look at /Volumes/RAID/Sites/Numenor/trunk/log/locomotive.pid and log/mongrel.log for info.
** Starting Mongrel listening at 0.0.0.0:3020
** Starting Rails with development environment...
** Rails loaded.
** Loading any Rails specific GemPlugins
** Signals ready.  TERM => stop.  USR2 => restart.  INT => stop (no restart).
** Rails signals registered.  HUP => reload (without restart).  It might not work well.
** Mongrel available at 0.0.0.0:3020
** Writing PID file to /Volumes/RAID/Sites/Numenor/trunk/log/locomotive.pid
** TERM signal received.
** Daemonized, any open files are closed.  Look at /Volumes/RAID/Sites/Numenor/trunk/log/locomotive.pid and log/mongrel.log for info.
** Starting Mongrel listening at 0.0.0.0:3020
** Starting Rails with development environment...
** Rails loaded.
** Loading any Rails specific GemPlugins
** Signals ready.  TERM => stop.  USR2 => restart.  INT => stop (no restart).
** Rails signals registered.  HUP => reload (without restart).  It might not work well.
** Mongrel available at 0.0.0.0:3020
** Writing PID file to /Volumes/RAID/Sites/Numenor/trunk/log/locomotive.pid
** TERM signal received.
** Daemonized, any open files are closed.  Look at /Volumes/RAID/Sites/Numenor/trunk/log/locomotive.pid and log/mongrel.log for info.
** Starting Mongrel listening at 0.0.0.0:3020
** Starting Rails with development environment...
** Rails loaded.
** Loading any Rails specific GemPlugins
** Signals ready.  TERM => stop.  USR2 => restart.  INT => stop (no restart).
** Rails signals registered.  HUP => reload (without restart).  It might not work well.
** Mongrel available at 0.0.0.0:3020
** Writing PID file to /Volumes/RAID/Sites/Numenor/trunk/log/locomotive.pid
/Volumes/RAID/Sites/Numenor/trunk/config/../app/controllers/links_controller.rb:17: warning: parenthesize argument(s) for future version
/Volumes/RAID/Sites/Numenor/trunk/config/../app/controllers/links_controller.rb:17: warning: parenthesize argument(s) for future version
/Volumes/RAID/Sites/Numenor/trunk/config/../app/controllers/links_controller.rb:17: warning: parenthesize argument(s) for future version
/Volumes/RAID/Sites/Numenor/trunk/config/../app/controllers/links_controller.rb:17: warning: parenthesize argument(s) for future version
/Volumes/RAID/Sites/Numenor/trunk/config/../app/controllers/links_controller.rb:17: warning: parenthesize argument(s) for future version
/Volumes/RAID/Sites/Numenor/trunk/config/../app/controllers/links_controller.rb:17: warning: parenthesize argument(s) for future version
/Volumes/RAID/Sites/Numenor/trunk/config/../app/controllers/links_controller.rb:17: warning: parenthesize argument(s) for future version
/Volumes/RAID/Sites/Numenor/trunk/config/../app/controllers/links_controller.rb:21: warning: parenthesize argument(s) for future version
** TERM signal received.
** Daemonized, any open files are closed.  Look at /Volumes/RAID/Sites/Numenor/trunk/log/locomotive.pid and log/mongrel.log for info.
** Starting Mongrel listening at 0.0.0.0:3020
** Starting Rails with development environment...
** Rails loaded.
** Loading any Rails specific GemPlugins
** Signals ready.  TERM => stop.  USR2 => restart.  INT => stop (no restart).
** Rails signals registered.  HUP => reload (without restart).  It might not work well.
** Mongrel available at 0.0.0.0:3020
** Writing PID file to /Volumes/RAID/Sites/Numenor/trunk/log/locomotive.pid
/Volumes/RAID/Sites/Numenor/trunk/config/../app/controllers/links_controller.rb:21: warning: parenthesize argument(s) for future version
/Volumes/RAID/Sites/Numenor/trunk/config/../app/controllers/links_controller.rb:21: warning: parenthesize argument(s) for future version
** Daemonized, any open files are closed.  Look at /Users/imac/Sites/Numenor/trunk/log/locomotive.pid and log/mongrel.log for info.
** Starting Mongrel listening at 0.0.0.0:3002
** Starting Rails with development environment...
** Rails loaded.
** Loading any Rails specific GemPlugins
** Signals ready.  TERM => stop.  USR2 => restart.  INT => stop (no restart).
** Rails signals registered.  HUP => reload (without restart).  It might not work well.
** Mongrel available at 0.0.0.0:3002
** Writing PID file to /Users/imac/Sites/Numenor/trunk/log/locomotive.pid
** TERM signal received.
** Daemonized, any open files are closed.  Look at /Users/imac/Sites/Numenor/trunk/log/locomotive.pid and log/mongrel.log for info.
** Starting Mongrel listening at 0.0.0.0:3002
** Starting Rails with development environment...
** Rails loaded.
** Loading any Rails specific GemPlugins
** Signals ready.  TERM => stop.  USR2 => restart.  INT => stop (no restart).
** Rails signals registered.  HUP => reload (without restart).  It might not work well.
** Mongrel available at 0.0.0.0:3002
** Writing PID file to /Users/imac/Sites/Numenor/trunk/log/locomotive.pid
** TERM signal received.
** Daemonized, any open files are closed.  Look at /Users/imac/Sites/Numenor/trunk/log/locomotive.pid and log/mongrel.log for info.
** Starting Mongrel listening at 0.0.0.0:3002
** Starting Rails with development environment...
** Rails loaded.
** Loading any Rails specific GemPlugins
** Signals ready.  TERM => stop.  USR2 => restart.  INT => stop (no restart).
** Rails signals registered.  HUP => reload (without restart).  It might not work well.
** Mongrel available at 0.0.0.0:3002
** Writing PID file to /Users/imac/Sites/Numenor/trunk/log/locomotive.pid
** TERM signal received.
** Daemonized, any open files are closed.  Look at /Users/imac/Sites/Numenor/trunk/log/locomotive.pid and log/mongrel.log for info.
** Starting Mongrel listening at 0.0.0.0:3002
** Starting Rails with development environment...
** Rails loaded.
** Loading any Rails specific GemPlugins
** Signals ready.  TERM => stop.  USR2 => restart.  INT => stop (no restart).
** Rails signals registered.  HUP => reload (without restart).  It might not work well.
** Mongrel available at 0.0.0.0:3002
** Writing PID file to /Users/imac/Sites/Numenor/trunk/log/locomotive.pid
** TERM signal received.
** Daemonized, any open files are closed.  Look at /Users/imac/Sites/Numenor/trunk/log/locomotive.pid and log/mongrel.log for info.
** Starting Mongrel listening at 0.0.0.0:3002
** Starting Rails with development environment...
** Rails loaded.
** Loading any Rails specific GemPlugins
** Signals ready.  TERM => stop.  USR2 => restart.  INT => stop (no restart).
** Rails signals registered.  HUP => reload (without restart).  It might not work well.
** Mongrel available at 0.0.0.0:3002
** Writing PID file to /Users/imac/Sites/Numenor/trunk/log/locomotive.pid
/Users/imac/Sites/Numenor/trunk/config/../app/controllers/links_controller.rb:24: warning: parenthesize argument(s) for future version
** TERM signal received.
** Daemonized, any open files are closed.  Look at /Users/imac/Sites/Numenor/trunk/log/locomotive.pid and log/mongrel.log for info.
** Starting Mongrel listening at 0.0.0.0:3002
** Starting Rails with development environment...
** Rails loaded.
** Loading any Rails specific GemPlugins
** Signals ready.  TERM => stop.  USR2 => restart.  INT => stop (no restart).
** Rails signals registered.  HUP => reload (without restart).  It might not work well.
** Mongrel available at 0.0.0.0:3002
** Writing PID file to /Users/imac/Sites/Numenor/trunk/log/locomotive.pid
/Users/imac/Sites/Numenor/trunk/config/../app/controllers/links_controller.rb:24: warning: parenthesize argument(s) for future version
/Users/imac/Sites/Numenor/trunk/config/../app/controllers/links_controller.rb:24: warning: parenthesize argument(s) for future version
/Users/imac/Sites/Numenor/trunk/config/../app/controllers/links_controller.rb:24: warning: parenthesize argument(s) for future version
/Users/imac/Sites/Numenor/trunk/config/../app/controllers/links_controller.rb:24: warning: parenthesize argument(s) for future version
/Users/imac/Sites/Numenor/trunk/config/../app/views/layouts/application.rhtml:137: warning: else without rescue is useless
/Users/imac/Sites/Numenor/trunk/config/../app/controllers/links_controller.rb:24: warning: parenthesize argument(s) for future version
/Users/imac/Sites/Numenor/trunk/config/../app/controllers/links_controller.rb:24: warning: parenthesize argument(s) for future version
/Users/imac/Sites/Numenor/trunk/config/../app/controllers/links_controller.rb:24: warning: parenthesize argument(s) for future version
/Users/imac/Sites/Numenor/trunk/config/../app/controllers/links_controller.rb:24: warning: parenthesize argument(s) for future version
/Users/imac/Sites/Numenor/trunk/config/../app/controllers/links_controller.rb:24: warning: parenthesize argument(s) for future version
/Users/imac/Sites/Numenor/trunk/config/../app/controllers/links_controller.rb:24: warning: parenthesize argument(s) for future version
/Users/imac/Sites/Numenor/trunk/config/../app/controllers/links_controller.rb:24: warning: parenthesize argument(s) for future version
/Users/imac/Sites/Numenor/trunk/config/../app/controllers/links_controller.rb:24: warning: parenthesize argument(s) for future version
** TERM signal received.
** Daemonized, any open files are closed.  Look at /Users/imac/Sites/Numenor/trunk/log/locomotive.pid and log/mongrel.log for info.
** Starting Mongrel listening at 0.0.0.0:3002
** Starting Rails with development environment...
** Rails loaded.
** Loading any Rails specific GemPlugins
** Signals ready.  TERM => stop.  USR2 => restart.  INT => stop (no restart).
** Rails signals registered.  HUP => reload (without restart).  It might not work well.
** Mongrel available at 0.0.0.0:3002
** Writing PID file to /Users/imac/Sites/Numenor/trunk/log/locomotive.pid
/Users/imac/Sites/Numenor/trunk/config/../app/controllers/links_controller.rb:24: warning: parenthesize argument(s) for future version
/Users/imac/Sites/Numenor/trunk/config/../app/controllers/links_controller.rb:24: warning: parenthesize argument(s) for future version
/Users/imac/Sites/Numenor/trunk/config/../app/controllers/links_controller.rb:24: warning: parenthesize argument(s) for future version
/Users/imac/Sites/Numenor/trunk/config/../app/controllers/links_controller.rb:24: warning: parenthesize argument(s) for future version
/Users/imac/Sites/Numenor/trunk/config/../app/controllers/links_controller.rb:24: warning: parenthesize argument(s) for future version
/Users/imac/Sites/Numenor/trunk/config/../app/controllers/links_controller.rb:24: warning: parenthesize argument(s) for future version
/Users/imac/Sites/Numenor/trunk/config/../app/controllers/links_controller.rb:24: warning: parenthesize argument(s) for future version
/Users/imac/Sites/Numenor/trunk/config/../app/controllers/links_controller.rb:24: warning: parenthesize argument(s) for future version
/Users/imac/Sites/Numenor/trunk/config/../app/controllers/links_controller.rb:24: warning: parenthesize argument(s) for future version
/Users/imac/Sites/Numenor/trunk/config/../app/controllers/links_controller.rb:24: warning: parenthesize argument(s) for future version
/Users/imac/Sites/Numenor/trunk/config/../app/controllers/links_controller.rb:24: warning: parenthesize argument(s) for future version
sh: html2ps: command not found
/Users/imac/Sites/Numenor/trunk/config/../app/controllers/links_controller.rb:24: warning: parenthesize argument(s) for future version
/Users/imac/Sites/Numenor/trunk/config/../vendor/rails/activerecord/lib/active_record/transactions.rb:85:in `transaction': Transaction aborted (ActiveRecord::Transactions::TransactionError)
	from /Applications/Locomotive2/Bundles/rmagickRailsMar2007_i386.locobundle/framework/lib/ruby/gems/1.8/gems/mongrel-1.0.1/lib/mongrel/configurator.rb:293:in `call'
	from /Applications/Locomotive2/Bundles/rmagickRailsMar2007_i386.locobundle/framework/lib/ruby/gems/1.8/gems/mongrel-1.0.1/lib/mongrel/configurator.rb:293:in `join'
	from /Applications/Locomotive2/Bundles/rmagickRailsMar2007_i386.locobundle/framework/lib/ruby/gems/1.8/gems/mongrel-1.0.1/lib/mongrel/configurator.rb:293:in `join'
	from /Applications/Locomotive2/Bundles/rmagickRailsMar2007_i386.locobundle/framework/lib/ruby/gems/1.8/gems/mongrel-1.0.1/lib/mongrel/configurator.rb:293:in `each'
	from /Applications/Locomotive2/Bundles/rmagickRailsMar2007_i386.locobundle/framework/lib/ruby/gems/1.8/gems/mongrel-1.0.1/lib/mongrel/configurator.rb:293:in `join'
	from /Applications/Locomotive2/Bundles/rmagickRailsMar2007_i386.locobundle/framework/lib/ruby/gems/1.8/gems/mongrel-1.0.1/bin/mongrel_rails:136:in `run'
	from /Applications/Locomotive2/Bundles/rmagickRailsMar2007_i386.locobundle/framework/lib/ruby/gems/1.8/gems/mongrel-1.0.1/lib/mongrel/command.rb:211:in `run'
	from /Applications/Locomotive2/Bundles/rmagickRailsMar2007_i386.locobundle/framework/lib/ruby/gems/1.8/gems/mongrel-1.0.1/bin/mongrel_rails:243
	from /Applications/Locomotive2/Bundles/rmagickRailsMar2007_i386.locobundle/framework/bin/mongrel_rails:16:in `load'
	from /Applications/Locomotive2/Bundles/rmagickRailsMar2007_i386.locobundle/framework/bin/mongrel_rails:16
** Daemonized, any open files are closed.  Look at /Users/imac/Sites/Numenor/trunk/log/locomotive.pid and log/mongrel.log for info.
** Starting Mongrel listening at 0.0.0.0:3002
** Starting Rails with development environment...
** Rails loaded.
** Loading any Rails specific GemPlugins
** Signals ready.  TERM => stop.  USR2 => restart.  INT => stop (no restart).
** Rails signals registered.  HUP => reload (without restart).  It might not work well.
** Mongrel available at 0.0.0.0:3002
** Writing PID file to /Users/imac/Sites/Numenor/trunk/log/locomotive.pid
** TERM signal received.
** Daemonized, any open files are closed.  Look at /Users/imac/Sites/Numenor/trunk/log/locomotive.pid and log/mongrel.log for info.
** Starting Mongrel listening at 0.0.0.0:3002
** Starting Rails with development environment...
** Rails loaded.
** Loading any Rails specific GemPlugins
** Signals ready.  TERM => stop.  USR2 => restart.  INT => stop (no restart).
** Rails signals registered.  HUP => reload (without restart).  It might not work well.
** Mongrel available at 0.0.0.0:3002
** Writing PID file to /Users/imac/Sites/Numenor/trunk/log/locomotive.pid
** TERM signal received.
** Daemonized, any open files are closed.  Look at /Users/imac/Sites/Numenor/trunk/log/locomotive.pid and log/mongrel.log for info.
** Starting Mongrel listening at 0.0.0.0:3002
** Starting Rails with development environment...
** Rails loaded.
** Loading any Rails specific GemPlugins
** Signals ready.  TERM => stop.  USR2 => restart.  INT => stop (no restart).
** Rails signals registered.  HUP => reload (without restart).  It might not work well.
** Mongrel available at 0.0.0.0:3002
** Writing PID file to /Users/imac/Sites/Numenor/trunk/log/locomotive.pid
** TERM signal received.
** Daemonized, any open files are closed.  Look at /Users/imac/Sites/Numenor/trunk/log/locomotive.pid and log/mongrel.log for info.
** Starting Mongrel listening at 0.0.0.0:3002
** Starting Rails with development environment...
** Rails loaded.
** Loading any Rails specific GemPlugins
** Signals ready.  TERM => stop.  USR2 => restart.  INT => stop (no restart).
** Rails signals registered.  HUP => reload (without restart).  It might not work well.
** Mongrel available at 0.0.0.0:3002
** Writing PID file to /Users/imac/Sites/Numenor/trunk/log/locomotive.pid
** TERM signal received.
** Daemonized, any open files are closed.  Look at /Users/imac/Sites/Numenor/trunk/log/locomotive.pid and log/mongrel.log for info.
** Starting Mongrel listening at 0.0.0.0:3002
** Starting Rails with development environment...
** Rails loaded.
** Loading any Rails specific GemPlugins
** Signals ready.  TERM => stop.  USR2 => restart.  INT => stop (no restart).
** Rails signals registered.  HUP => reload (without restart).  It might not work well.
** Mongrel available at 0.0.0.0:3002
** Writing PID file to /Users/imac/Sites/Numenor/trunk/log/locomotive.pid
/Users/imac/Sites/Numenor/trunk/config/../app/controllers/links_controller.rb:23: warning: parenthesize argument(s) for future version
/Users/imac/Sites/Numenor/trunk/config/../app/controllers/links_controller.rb:32: warning: parenthesize argument(s) for future version
/Users/imac/Sites/Numenor/trunk/config/../app/controllers/links_controller.rb:23: warning: parenthesize argument(s) for future version
/Users/imac/Sites/Numenor/trunk/config/../app/controllers/links_controller.rb:32: warning: parenthesize argument(s) for future version
/Users/imac/Sites/Numenor/trunk/config/../app/controllers/links_controller.rb:23: warning: parenthesize argument(s) for future version
/Users/imac/Sites/Numenor/trunk/config/../app/controllers/links_controller.rb:32: warning: parenthesize argument(s) for future version
/Users/imac/Sites/Numenor/trunk/config/../app/controllers/links_controller.rb:23: warning: parenthesize argument(s) for future version
/Users/imac/Sites/Numenor/trunk/config/../app/controllers/links_controller.rb:32: warning: parenthesize argument(s) for future version
/Users/imac/Sites/Numenor/trunk/config/../app/controllers/links_controller.rb:23: warning: parenthesize argument(s) for future version
/Users/imac/Sites/Numenor/trunk/config/../app/controllers/links_controller.rb:32: warning: parenthesize argument(s) for future version
/Users/imac/Sites/Numenor/trunk/config/../app/controllers/links_controller.rb:23: warning: parenthesize argument(s) for future version
/Users/imac/Sites/Numenor/trunk/config/../app/controllers/links_controller.rb:32: warning: parenthesize argument(s) for future version
/Users/imac/Sites/Numenor/trunk/config/../app/controllers/links_controller.rb:23: warning: parenthesize argument(s) for future version
/Users/imac/Sites/Numenor/trunk/config/../app/controllers/links_controller.rb:32: warning: parenthesize argument(s) for future version
/Users/imac/Sites/Numenor/trunk/config/../app/controllers/links_controller.rb:23: warning: parenthesize argument(s) for future version
/Users/imac/Sites/Numenor/trunk/config/../app/controllers/links_controller.rb:32: warning: parenthesize argument(s) for future version
/Users/imac/Sites/Numenor/trunk/config/../app/helpers/application_helper.rb:34: warning: string literal in condition
/Users/imac/Sites/Numenor/trunk/config/../app/helpers/application_helper.rb:34: warning: string literal in condition
/Users/imac/Sites/Numenor/trunk/config/../app/controllers/links_controller.rb:23: warning: parenthesize argument(s) for future version
/Users/imac/Sites/Numenor/trunk/config/../app/controllers/links_controller.rb:32: warning: parenthesize argument(s) for future version
/Users/imac/Sites/Numenor/trunk/config/../app/controllers/links_controller.rb:23: warning: parenthesize argument(s) for future version
/Users/imac/Sites/Numenor/trunk/config/../app/controllers/links_controller.rb:32: warning: parenthesize argument(s) for future version
/Users/imac/Sites/Numenor/trunk/config/../app/controllers/links_controller.rb:23: warning: parenthesize argument(s) for future version
/Users/imac/Sites/Numenor/trunk/config/../app/controllers/links_controller.rb:32: warning: parenthesize argument(s) for future version
** TERM signal received.
** Daemonized, any open files are closed.  Look at /Users/imac/Sites/Numenor/trunk/log/locomotive.pid and log/mongrel.log for info.
** Starting Mongrel listening at 0.0.0.0:3002
** Starting Rails with development environment...
** Rails loaded.
** Loading any Rails specific GemPlugins
** Signals ready.  TERM => stop.  USR2 => restart.  INT => stop (no restart).
** Rails signals registered.  HUP => reload (without restart).  It might not work well.
** Mongrel available at 0.0.0.0:3002
** Writing PID file to /Users/imac/Sites/Numenor/trunk/log/locomotive.pid
/Users/imac/Sites/Numenor/trunk/config/../app/controllers/links_controller.rb:23: warning: parenthesize argument(s) for future version
/Users/imac/Sites/Numenor/trunk/config/../app/controllers/links_controller.rb:32: warning: parenthesize argument(s) for future version
/Users/imac/Sites/Numenor/trunk/config/../app/controllers/links_controller.rb:23: warning: parenthesize argument(s) for future version
/Users/imac/Sites/Numenor/trunk/config/../app/controllers/links_controller.rb:32: warning: parenthesize argument(s) for future version
** TERM signal received.
** Daemonized, any open files are closed.  Look at /Users/imac/Sites/Numenor/trunk/log/locomotive.pid and log/mongrel.log for info.
** Starting Mongrel listening at 0.0.0.0:3002
** Starting Rails with development environment...
** Rails loaded.
** Loading any Rails specific GemPlugins
** Signals ready.  TERM => stop.  USR2 => restart.  INT => stop (no restart).
** Rails signals registered.  HUP => reload (without restart).  It might not work well.
** Mongrel available at 0.0.0.0:3002
** Writing PID file to /Users/imac/Sites/Numenor/trunk/log/locomotive.pid
/Users/imac/Sites/Numenor/trunk/config/../app/controllers/links_controller.rb:23: warning: parenthesize argument(s) for future version
/Users/imac/Sites/Numenor/trunk/config/../app/controllers/links_controller.rb:32: warning: parenthesize argument(s) for future version
